Build started 2/23/2014 8:21:06 PM.
     1>Project "K:\Project1\Project1\Project1.vcxproj" on node 2 (build target(s)).
     1>InitializeBuildStatus:
         Creating "Debug\Project1.unsuccessfulbuild" because "AlwaysCreate" was specified.
       ClCompile:
         c:\Program Files (x86)\Microsoft Visual Studio 10.0\VC\bin\CL.exe /c /ZI /nologo /W3 /WX- /Od /Oy- /D WIN32 /D _DEBUG /D _CONSOLE /D _UNICODE /D UNICODE /Gm /EHsc /RTC1 /MDd /GS /fp:precise /Zc:wchar_t /Zc:forScope /Fo"Debug\\" /Fd"Debug\vc100.pdb" /Gd /TP /analyze- /errorReport:prompt cs132_P1_driver.cpp direction.cpp pen.cpp position.cpp turtle.cpp
         turtle.cpp
         position.cpp
         Generating Code...
         Compiling...
         pen.cpp
         direction.cpp
         cs132_P1_driver.cpp
         Generating Code...
       ManifestResourceCompile:
         All outputs are up-to-date.
       Link:
         c:\Program Files (x86)\Microsoft Visual Studio 10.0\VC\bin\link.exe /ERRORREPORT:PROMPT /OUT:"K:\Project1\Debug\Project1.exe" /INCREMENTAL /NOLOGO kernel32.lib user32.lib gdi32.lib winspool.lib comdlg32.lib advapi32.lib shell32.lib ole32.lib oleaut32.lib uuid.lib odbc32.lib odbccp32.lib /MANIFEST /ManifestFile:"Debug\Project1.exe.intermediate.manifest" /MANIFESTUAC:"level='asInvoker' uiAccess='false'" /DEBUG /PDB:"K:\Project1\Debug\Project1.pdb" /SUBSYSTEM:CONSOLE /TLBID:1 /DYNAMICBASE /NXCOMPAT /IMPLIB:"K:\Project1\Debug\Project1.lib" /MACHINE:X86 Debug\Project1.exe.embed.manifest.res
         Debug\cs132_P1_driver.obj
         Debug\direction.obj
         Debug\pen.obj
         Debug\position.obj
         Debug\turtle.obj
       Manifest:
         C:\Program Files (x86)\Microsoft SDKs\Windows\v7.0A\bin\mt.exe /nologo /verbose /out:"Debug\Project1.exe.embed.manifest" /manifest Debug\Project1.exe.intermediate.manifest
         All outputs are up-to-date.
       LinkEmbedManifest:
         All outputs are up-to-date.
         Project1.vcxproj -> K:\Project1\Debug\Project1.exe
       FinalizeBuildStatus:
         Deleting file "Debug\Project1.unsuccessfulbuild".
         Touching "Debug\Project1.lastbuildstate".
     1>Done Building Project "K:\Project1\Project1\Project1.vcxproj" (build target(s)).

Build succeeded.

Time Elapsed 00:00:15.17
