D:\PROJECT1\DEBUG\PROJECT1.EXE
D:\PROJECT1\DEBUG\PROJECT1.ILK
D:\PROJECT1\DEBUG\PROJECT1.PDB
D:\PROJECT1\PROJECT1\DEBUG\CS132_P1_DRIVER.OBJ
D:\PROJECT1\PROJECT1\DEBUG\DIRECTION.OBJ
D:\PROJECT1\PROJECT1\DEBUG\PEN.OBJ
D:\PROJECT1\PROJECT1\DEBUG\POSITION.OBJ
D:\PROJECT1\PROJECT1\DEBUG\PROJECT1.EXE.EMBED.MANIFEST
D:\PROJECT1\PROJECT1\DEBUG\PROJECT1.EXE.EMBED.MANIFEST.RES
D:\PROJECT1\PROJECT1\DEBUG\PROJECT1.EXE.INTERMEDIATE.MANIFEST
D:\PROJECT1\PROJECT1\DEBUG\TURTLE.OBJ
D:\PROJECT1\PROJECT1\DEBUG\VC100.PDB
K:\PROJECT1\DEBUG\PROJECT1.EXE
K:\PROJECT1\DEBUG\PROJECT1.ILK
K:\PROJECT1\DEBUG\PROJECT1.PDB
K:\Project1\Project1\Debug\cl.command.1.tlog
K:\Project1\Project1\Debug\CL.read.1.tlog
K:\Project1\Project1\Debug\CL.write.1.tlog
K:\PROJECT1\PROJECT1\DEBUG\CS132_P1_DRIVER.OBJ
K:\PROJECT1\PROJECT1\DEBUG\DIRECTION.OBJ
K:\Project1\Project1\Debug\link.1808.read.1.tlog
K:\Project1\Project1\Debug\link.1808.write.1.tlog
K:\Project1\Project1\Debug\link.1808-cvtres.read.1.tlog
K:\Project1\Project1\Debug\link.1808-cvtres.write.1.tlog
K:\Project1\Project1\Debug\link.4824.read.1.tlog
K:\Project1\Project1\Debug\link.4824.write.1.tlog
K:\Project1\Project1\Debug\link.4824-cvtres.read.1.tlog
K:\Project1\Project1\Debug\link.4824-cvtres.write.1.tlog
K:\Project1\Project1\Debug\link.6884.read.1.tlog
K:\Project1\Project1\Debug\link.6884.write.1.tlog
K:\Project1\Project1\Debug\link.6884-cvtres.read.1.tlog
K:\Project1\Project1\Debug\link.6884-cvtres.write.1.tlog
K:\Project1\Project1\Debug\link.8436.read.1.tlog
K:\Project1\Project1\Debug\link.8436.write.1.tlog
K:\Project1\Project1\Debug\link.8436-cvtres.read.1.tlog
K:\Project1\Project1\Debug\link.8436-cvtres.write.1.tlog
K:\Project1\Project1\Debug\link.command.1.tlog
K:\Project1\Project1\Debug\link.read.1.tlog
K:\Project1\Project1\Debug\link.write.1.tlog
K:\Project1\Project1\Debug\link-cvtres.read.1.tlog
K:\Project1\Project1\Debug\link-cvtres.write.1.tlog
K:\Project1\Project1\Debug\mt.command.1.tlog
K:\Project1\Project1\Debug\mt.read.1.tlog
K:\Project1\Project1\Debug\mt.write.1.tlog
K:\PROJECT1\PROJECT1\DEBUG\PEN.OBJ
K:\PROJECT1\PROJECT1\DEBUG\POSITION.OBJ
K:\PROJECT1\PROJECT1\DEBUG\PROJECT1.EXE.EMBED.MANIFEST
K:\PROJECT1\PROJECT1\DEBUG\PROJECT1.EXE.EMBED.MANIFEST.RES
K:\PROJECT1\PROJECT1\DEBUG\PROJECT1.EXE.INTERMEDIATE.MANIFEST
K:\Project1\Project1\Debug\Project1.vcxprojResolveAssemblyReference.cache
K:\Project1\Project1\Debug\Project1.write.1.tlog
K:\Project1\Project1\Debug\Project1_manifest.rc
K:\Project1\Project1\Debug\rc.command.1.tlog
K:\Project1\Project1\Debug\rc.read.1.tlog
K:\Project1\Project1\Debug\rc.write.1.tlog
K:\PROJECT1\PROJECT1\DEBUG\TURTLE.OBJ
K:\Project1\Project1\Debug\vc100.idb
K:\PROJECT1\PROJECT1\DEBUG\VC100.PDB
